<?xml version="1.0" encoding="UTF-8"?>
<!-- Generated by org.testng.reporters.JUnitReportReporter -->
<testsuite hostname="Admin-PC" failures="0" tests="1" name="tests.RegistrationRunner" time="0.331" errors="0" timestamp="2024-08-02T11:11:09 IST" skipped="0">
  <testcase classname="tests.RegistrationRunner" name="runScenario" time="0.331"/>
  <system-out/>
</testsuite> <!-- tests.RegistrationRunner -->
