<?xml version="1.0" encoding="UTF-8"?>
<!-- Generated by org.testng.reporters.JUnitReportReporter -->
<testsuite hostname="Admin-PC" failures="0" tests="3" name="RunnerNew.Runnerprofilenew" time="0.394" errors="0" timestamp="2025-03-14T10:49:14 IST" skipped="0">
  <testcase classname="RunnerNew.Runnerprofilenew" name="runScenario" time="0.026"/>
  <system-out/>
  <testcase classname="RunnerNew.Runnerprofilenew" name="runScenario" time="0.020"/>
  <system-out/>
  <testcase classname="RunnerNew.Runnerprofilenew" name="runScenario" time="0.348"/>
  <system-out/>
</testsuite> <!-- RunnerNew.Runnerprofilenew -->
