<?xml version="1.0" encoding="UTF-8"?>
<!-- Generated by org.testng.reporters.JUnitReportReporter -->
<testsuite hostname="Admin-PC" failures="0" tests="1" name="runner.PlaceOrderRunner" time="0.543" errors="0" timestamp="2024-08-03T20:12:41 IST" skipped="0">
  <testcase classname="runner.PlaceOrderRunner" name="runScenario" time="0.543"/>
  <system-out/>
</testsuite> <!-- runner.PlaceOrderRunner -->
