<?xml version="1.0" encoding="UTF-8"?>
<!-- Generated by org.testng.reporters.JUnitReportReporter -->
<testsuite hostname="Admin-PC" failures="0" tests="1" name="RunnerNew.LoginRunnerNew" time="0.268" errors="0" timestamp="2025-03-05T20:12:00 IST" skipped="0">
  <testcase classname="RunnerNew.LoginRunnerNew" name="runScenario" time="0.268"/>
  <system-out/>
</testsuite> <!-- RunnerNew.LoginRunnerNew -->
