<?xml version="1.0" encoding="UTF-8"?>
<!-- Generated by org.testng.reporters.JUnitReportReporter -->
<testsuite hostname="Admin-PC" failures="0" tests="1" name="testsnew.OrderConfirmaionrunner" time="0.314" errors="0" timestamp="2025-04-04T19:12:44 IST" skipped="0">
  <testcase classname="testsnew.OrderConfirmaionrunner" name="runScenario" time="0.314"/>
  <system-out/>
</testsuite> <!-- testsnew.OrderConfirmaionrunner -->
