<?xml version="1.0" encoding="UTF-8"?>
<!-- Generated by org.testng.reporters.JUnitReportReporter -->
<testsuite hostname="Admin-PC" failures="0" tests="3" name="runner.BackgroundRunner" time="0.264" errors="0" timestamp="2025-03-07T14:08:54 IST" skipped="0">
  <testcase classname="runner.BackgroundRunner" name="runScenario" time="0.021"/>
  <system-out/>
  <testcase classname="runner.BackgroundRunner" name="runScenario" time="0.218"/>
  <system-out/>
  <testcase classname="runner.BackgroundRunner" name="runScenario" time="0.025"/>
  <system-out/>
</testsuite> <!-- runner.BackgroundRunner -->
