<?xml version="1.0" encoding="UTF-8"?>
<!-- Generated by org.testng.reporters.JUnitReportReporter -->
<testsuite hostname="Admin-PC" failures="0" tests="1" name="runner.LoginRunner" time="0.236" errors="0" timestamp="2024-07-18T23:08:11 IST" skipped="0">
  <testcase classname="runner.LoginRunner" name="runScenario" time="0.236"/>
  <system-out/>
</testsuite> <!-- runner.LoginRunner -->
