<?xml version="1.0" encoding="UTF-8"?>
<!-- Generated by org.testng.reporters.JUnitReportReporter -->
<testsuite hostname="Admin-PC" failures="0" tests="1" name="RunnerNew.RegistrationRunner" time="0.344" errors="0" timestamp="2025-04-17T09:36:25 IST" skipped="0">
  <testcase classname="RunnerNew.RegistrationRunner" name="runScenario" time="0.344"/>
  <system-out/>
</testsuite> <!-- RunnerNew.RegistrationRunner -->
