<?xml version="1.0" encoding="UTF-8"?>
<!-- Generated by org.testng.reporters.JUnitReportReporter -->
<testsuite hostname="Admin-PC" failures="0" tests="1" name="RunnerNew.LoginwithdataRunner" time="0.316" errors="0" timestamp="2025-03-14T14:06:44 IST" skipped="0">
  <testcase classname="RunnerNew.LoginwithdataRunner" name="runScenario" time="0.316"/>
  <system-out/>
</testsuite> <!-- RunnerNew.LoginwithdataRunner -->
