<?xml version="1.0" encoding="UTF-8"?>
<!-- Generated by org.testng.reporters.JUnitReportReporter -->
<testsuite hostname="Admin-PC" failures="0" tests="3" name="RunnerNew.CampaignRunner" time="0.507" errors="0" timestamp="2025-04-04T14:03:59 IST" skipped="0">
  <testcase classname="RunnerNew.CampaignRunner" name="runScenario" time="0.051"/>
  <system-out/>
  <testcase classname="RunnerNew.CampaignRunner" name="runScenario" time="0.042"/>
  <system-out/>
  <testcase classname="RunnerNew.CampaignRunner" name="runScenario" time="0.414"/>
  <system-out/>
</testsuite> <!-- RunnerNew.CampaignRunner -->
