<?xml version="1.0" encoding="UTF-8"?>
<!-- Generated by org.testng.reporters.JUnitReportReporter -->
<testsuite hostname="Admin-PC" failures="0" tests="3" name="RunnerNew.Scenarioutlinesteps" time="0.404" errors="0" timestamp="2025-03-21T09:14:35 IST" skipped="0">
  <testcase classname="RunnerNew.Scenarioutlinesteps" name="runScenario" time="0.343"/>
  <system-out/>
  <testcase classname="RunnerNew.Scenarioutlinesteps" name="runScenario" time="0.033"/>
  <system-out/>
  <testcase classname="RunnerNew.Scenarioutlinesteps" name="runScenario" time="0.028"/>
  <system-out/>
</testsuite> <!-- RunnerNew.Scenarioutlinesteps -->
